<?xml version="1.0" encoding="utf-8"?><testsuites><testsuite name="pytest" errors="0" failures="0" skipped="0" tests="3" time="17.894" timestamp="2022-09-12T20:46:15.657654" hostname="KarthikaGokulakrishnan"><testcase classname="test_end2end.Testone" name="test_end2end" time="11.664" /><testcase classname="test_homepage.Testhomepage" name="test_formSubmission[getData0]" time="4.785" /><testcase classname="test_homepage.Testhomepage" name="test_formSubmission[getData1]" time="1.362" /></testsuite></testsuites>